<?xml version="1.0" encoding="UTF-8"?>
<!-- Generated by org.testng.reporters.JUnitXMLReporter -->
<testsuite ignored="0" hostname="voas-MacBook-Pro.local" failures="0" tests="4" name="Default test" time="27.14" errors="0" timestamp="2021-06-07T11:02:42 EDT">
  <testcase classname="tests.AmazonSearchTest" name="amazonSearchTest" time="10.939"/>
  <testcase classname="tests.AmazonSearchTest" name="dropDownTest" time="2.38"/>
  <testcase classname="tests.AmazonSearchTest" name="searchResultVerify" time="6.995"/>
  <testcase classname="tests.AmazonSearchTest" name="softAssertTest" time="0.006"/>
</testsuite> <!-- Default test -->
