<?xml version="1.0" encoding="UTF-8"?>
<!-- Generated by org.testng.reporters.JUnitXMLReporter -->
<testsuite ignored="0" hostname="voas-MBP" failures="0" tests="7" name="Command line test" time="21.935" errors="0" timestamp="2021-06-04T11:12:00 EDT">
  <testcase classname="tests.AmazonItemPurchaseTest" name="f" time="0.003"/>
  <testcase classname="tests.AmazonCreateAccountTest" name="f" time="0.0"/>
  <testcase classname="tests.AmazonAddToCartTest" name="f" time="0.0"/>
  <testcase classname="tests.AmazonOrderedItemTest" name="f" time="0.0"/>
  <testcase classname="tests.AmazonSearchTest" name="amazonSearchTest" time="8.124"/>
  <testcase classname="tests.AmazonSearchTest" name="dropDownTest" time="1.958"/>
  <testcase classname="tests.AmazonSearchTest" name="searchResultVerify" time="6.544"/>
</testsuite> <!-- Command line test -->
