<?xml version="1.0" encoding="UTF-8"?>
<testng-results ignored="0" total="7" passed="7" failed="0" skipped="0">
  <reporter-output>
  </reporter-output>
  <suite started-at="2021-06-04T11:11:38 EDT" name="Command line suite" finished-at="2021-06-04T11:12:00 EDT" duration-ms="21935">
    <groups>
    </groups>
    <test started-at="2021-06-04T11:11:38 EDT" name="Command line test" finished-at="2021-06-04T11:12:00 EDT" duration-ms="21935">
      <class name="tests.AmazonSearchTest">
        <test-method is-config="true" signature="beforeMethod()[pri:0, instance:tests.AmazonSearchTest@4671e53b]" started-at="2021-06-04T11:11:38 EDT" name="beforeMethod" finished-at="2021-06-04T11:11:41 EDT" duration-ms="2369" status="PASS">
          <reporter-output>
          </reporter-output>
        </test-method> <!-- beforeMethod -->
        <test-method signature="amazonSearchTest()[pri:0, instance:tests.AmazonSearchTest@4671e53b]" started-at="2021-06-04T11:11:41 EDT" name="amazonSearchTest" finished-at="2021-06-04T11:11:49 EDT" duration-ms="8124" status="PASS">
          <reporter-output>
          </reporter-output>
        </test-method> <!-- amazonSearchTest -->
        <test-method is-config="true" signature="afterMethod()[pri:0, instance:tests.AmazonSearchTest@4671e53b]" started-at="2021-06-04T11:11:49 EDT" name="afterMethod" finished-at="2021-06-04T11:11:49 EDT" duration-ms="150" status="PASS">
          <reporter-output>
          </reporter-output>
        </test-method> <!-- afterMethod -->
        <test-method is-config="true" signature="beforeMethod()[pri:0, instance:tests.AmazonSearchTest@4671e53b]" started-at="2021-06-04T11:11:49 EDT" name="beforeMethod" finished-at="2021-06-04T11:11:50 EDT" duration-ms="1168" status="PASS">
          <reporter-output>
          </reporter-output>
        </test-method> <!-- beforeMethod -->
        <test-method signature="dropDownTest()[pri:0, instance:tests.AmazonSearchTest@4671e53b]" started-at="2021-06-04T11:11:50 EDT" name="dropDownTest" finished-at="2021-06-04T11:11:52 EDT" duration-ms="1958" status="PASS">
          <reporter-output>
          </reporter-output>
        </test-method> <!-- dropDownTest -->
        <test-method is-config="true" signature="afterMethod()[pri:0, instance:tests.AmazonSearchTest@4671e53b]" started-at="2021-06-04T11:11:52 EDT" name="afterMethod" finished-at="2021-06-04T11:11:52 EDT" duration-ms="177" status="PASS">
          <reporter-output>
          </reporter-output>
        </test-method> <!-- afterMethod -->
        <test-method is-config="true" signature="beforeMethod()[pri:0, instance:tests.AmazonSearchTest@4671e53b]" started-at="2021-06-04T11:11:52 EDT" name="beforeMethod" finished-at="2021-06-04T11:11:53 EDT" duration-ms="1258" status="PASS">
          <reporter-output>
          </reporter-output>
        </test-method> <!-- beforeMethod -->
        <test-method signature="searchResultVerify()[pri:0, instance:tests.AmazonSearchTest@4671e53b]" started-at="2021-06-04T11:11:53 EDT" name="searchResultVerify" finished-at="2021-06-04T11:12:00 EDT" duration-ms="6544" status="PASS">
          <reporter-output>
          </reporter-output>
        </test-method> <!-- searchResultVerify -->
        <test-method is-config="true" signature="afterMethod()[pri:0, instance:tests.AmazonSearchTest@4671e53b]" started-at="2021-06-04T11:12:00 EDT" name="afterMethod" finished-at="2021-06-04T11:12:00 EDT" duration-ms="155" status="PASS">
          <reporter-output>
          </reporter-output>
        </test-method> <!-- afterMethod -->
      </class> <!-- tests.AmazonSearchTest -->
      <class name="tests.AmazonAddToCartTest">
        <test-method signature="f()[pri:0, instance:tests.AmazonAddToCartTest@757942a1]" started-at="2021-06-04T11:11:38 EDT" name="f" finished-at="2021-06-04T11:11:38 EDT" duration-ms="0" status="PASS">
          <reporter-output>
          </reporter-output>
        </test-method> <!-- f -->
      </class> <!-- tests.AmazonAddToCartTest -->
      <class name="tests.AmazonCreateAccountTest">
        <test-method signature="f()[pri:0, instance:tests.AmazonCreateAccountTest@69b0fd6f]" started-at="2021-06-04T11:11:38 EDT" name="f" finished-at="2021-06-04T11:11:38 EDT" duration-ms="0" status="PASS">
          <reporter-output>
          </reporter-output>
        </test-method> <!-- f -->
      </class> <!-- tests.AmazonCreateAccountTest -->
      <class name="tests.AmazonOrderedItemTest">
        <test-method signature="f()[pri:0, instance:tests.AmazonOrderedItemTest@4a87761d]" started-at="2021-06-04T11:11:38 EDT" name="f" finished-at="2021-06-04T11:11:38 EDT" duration-ms="0" status="PASS">
          <reporter-output>
          </reporter-output>
        </test-method> <!-- f -->
      </class> <!-- tests.AmazonOrderedItemTest -->
      <class name="tests.AmazonItemPurchaseTest">
        <test-method signature="f()[pri:0, instance:tests.AmazonItemPurchaseTest@1060b431]" started-at="2021-06-04T11:11:38 EDT" name="f" finished-at="2021-06-04T11:11:38 EDT" duration-ms="3" status="PASS">
          <reporter-output>
          </reporter-output>
        </test-method> <!-- f -->
      </class> <!-- tests.AmazonItemPurchaseTest -->
    </test> <!-- Command line test -->
  </suite> <!-- Command line suite -->
</testng-results>
