<?xml version="1.0" encoding="UTF-8"?>
<!-- Generated by org.testng.reporters.JUnitXMLReporter -->
<testsuite ignored="0" hostname="voas-MBP" failures="0" tests="10" name="Regression" time="37.374" errors="0" timestamp="2021-06-05T12:34:20 EDT">
  <testcase classname="tests.AmazonSearchTest" name="amazonSearchTest" time="7.996"/>
  <testcase classname="tests.AmazonSearchTest" name="dropDownTest" time="1.883"/>
  <testcase classname="tests.AmazonAddToCartTest" name="f" time="0.001"/>
  <testcase classname="tests.AmazonCreateAccountTest" name="f" time="0.001"/>
  <testcase classname="tests.AmazonItemPurchaseTest" name="f" time="0.001"/>
  <testcase classname="tests.AmazonOrderedItemTest" name="f" time="0.001"/>
  <testcase classname="tests.AmazonSearchTest" name="searchResultVerify" time="6.644"/>
  <testcase classname="tests.SeleniumEasyAlertTests" name="firstAlertTest" time="7.419"/>
  <testcase classname="tests.SeleniumEasyAlertTests" name="secondAlertTest" time="5.146"/>
  <testcase classname="tests.SeleniumEasyAlertTests" name="thirdAlertTest" time="3.162"/>
</testsuite> <!-- Regression -->
