<?xml version="1.0" encoding="UTF-8"?>
<testng-results ignored="0" total="4" passed="4" failed="0" skipped="0">
  <reporter-output>
  </reporter-output>
  <suite started-at="2021-06-07T11:02:10 EDT" name="Default suite" finished-at="2021-06-07T11:02:37 EDT" duration-ms="27140">
    <groups>
    </groups>
    <test started-at="2021-06-07T11:02:10 EDT" name="Default test" finished-at="2021-06-07T11:02:37 EDT" duration-ms="27140">
      <class name="tests.AmazonSearchTest">
        <test-method is-config="true" signature="beforeMethod()[pri:0, instance:tests.AmazonSearchTest@6293abcc]" started-at="2021-06-07T11:02:10 EDT" name="beforeMethod" finished-at="2021-06-07T11:02:12 EDT" duration-ms="2002" status="PASS">
          <reporter-output>
          </reporter-output>
        </test-method> <!-- beforeMethod -->
        <test-method signature="amazonSearchTest()[pri:0, instance:tests.AmazonSearchTest@6293abcc]" started-at="2021-06-07T11:02:12 EDT" name="amazonSearchTest" finished-at="2021-06-07T11:02:23 EDT" duration-ms="10939" status="PASS">
          <reporter-output>
          </reporter-output>
        </test-method> <!-- amazonSearchTest -->
        <test-method is-config="true" signature="afterMethod()[pri:0, instance:tests.AmazonSearchTest@6293abcc]" started-at="2021-06-07T11:02:23 EDT" name="afterMethod" finished-at="2021-06-07T11:02:23 EDT" duration-ms="214" status="PASS">
          <reporter-output>
          </reporter-output>
        </test-method> <!-- afterMethod -->
        <test-method is-config="true" signature="beforeMethod()[pri:0, instance:tests.AmazonSearchTest@6293abcc]" started-at="2021-06-07T11:02:23 EDT" name="beforeMethod" finished-at="2021-06-07T11:02:25 EDT" duration-ms="1385" status="PASS">
          <reporter-output>
          </reporter-output>
        </test-method> <!-- beforeMethod -->
        <test-method signature="dropDownTest()[pri:0, instance:tests.AmazonSearchTest@6293abcc]" started-at="2021-06-07T11:02:25 EDT" name="dropDownTest" finished-at="2021-06-07T11:02:27 EDT" duration-ms="2380" status="PASS">
          <reporter-output>
          </reporter-output>
        </test-method> <!-- dropDownTest -->
        <test-method is-config="true" signature="afterMethod()[pri:0, instance:tests.AmazonSearchTest@6293abcc]" started-at="2021-06-07T11:02:27 EDT" name="afterMethod" finished-at="2021-06-07T11:02:27 EDT" duration-ms="157" status="PASS">
          <reporter-output>
          </reporter-output>
        </test-method> <!-- afterMethod -->
        <test-method is-config="true" signature="beforeMethod()[pri:0, instance:tests.AmazonSearchTest@6293abcc]" started-at="2021-06-07T11:02:27 EDT" name="beforeMethod" finished-at="2021-06-07T11:02:29 EDT" duration-ms="1491" status="PASS">
          <reporter-output>
          </reporter-output>
        </test-method> <!-- beforeMethod -->
        <test-method signature="searchResultVerify()[pri:0, instance:tests.AmazonSearchTest@6293abcc]" started-at="2021-06-07T11:02:29 EDT" name="searchResultVerify" finished-at="2021-06-07T11:02:36 EDT" duration-ms="6995" status="PASS">
          <reporter-output>
          </reporter-output>
        </test-method> <!-- searchResultVerify -->
        <test-method is-config="true" signature="afterMethod()[pri:0, instance:tests.AmazonSearchTest@6293abcc]" started-at="2021-06-07T11:02:36 EDT" name="afterMethod" finished-at="2021-06-07T11:02:36 EDT" duration-ms="191" status="PASS">
          <reporter-output>
          </reporter-output>
        </test-method> <!-- afterMethod -->
        <test-method is-config="true" signature="beforeMethod()[pri:0, instance:tests.AmazonSearchTest@6293abcc]" started-at="2021-06-07T11:02:36 EDT" name="beforeMethod" finished-at="2021-06-07T11:02:37 EDT" duration-ms="1260" status="PASS">
          <reporter-output>
          </reporter-output>
        </test-method> <!-- beforeMethod -->
        <test-method signature="softAssertTest()[pri:0, instance:tests.AmazonSearchTest@6293abcc]" started-at="2021-06-07T11:02:37 EDT" name="softAssertTest" finished-at="2021-06-07T11:02:37 EDT" duration-ms="6" status="PASS">
          <reporter-output>
          </reporter-output>
        </test-method> <!-- softAssertTest -->
        <test-method is-config="true" signature="afterMethod()[pri:0, instance:tests.AmazonSearchTest@6293abcc]" started-at="2021-06-07T11:02:37 EDT" name="afterMethod" finished-at="2021-06-07T11:02:37 EDT" duration-ms="82" status="PASS">
          <reporter-output>
          </reporter-output>
        </test-method> <!-- afterMethod -->
      </class> <!-- tests.AmazonSearchTest -->
    </test> <!-- Default test -->
  </suite> <!-- Default suite -->
</testng-results>
